#
# A fatal error has been detected by the Java Runtime Environment:
#
#  Internal Error (javaClasses.cpp:129), pid=9092, tid=3136
#  fatal error: Invalid layout of preloaded class
#
# JRE version: 7.0_11-b21
# Java VM: Java HotSpot(TM) 64-Bit Server VM (23.6-b04 mixed mode windows-amd64 compressed oops)
# Failed to write core dump. Minidumps are not enabled by default on client versions of Windows
#
# If you would like to submit a bug report, please visit:
#   http://bugreport.sun.com/bugreport/crash.jsp
#

---------------  T H R E A D  ---------------

Current thread (0x000000000241d000):  JavaThread "Unknown thread" [_thread_in_vm, id=3136, stack(0x0000000002840000,0x0000000002940000)]

Stack: [0x0000000002840000,0x0000000002940000]

---------------  P R O C E S S  ---------------

Java Threads: ( => current thread )

Other Threads:

=>0x000000000241d000 (exited) JavaThread "Unknown thread" [_thread_in_vm, id=3136, stack(0x0000000002840000,0x0000000002940000)]

VM state:not at safepoint (not fully initialized)

VM Mutex/Monitor currently owned by a thread: None

GC Heap History (0 events):
No events

Deoptimization events (0 events):
No events

Internal exceptions (0 events):
No events

Events (10 events):
Event: 0.009 loading class 0x00000000024ddec0 done
Event: 0.009 loading class 0x0000000002493830 done
Event: 0.009 loading class 0x0000000002493800
Event: 0.009 loading class 0x00000000024e8f50
Event: 0.009 loading class 0x00000000024e8f50 done
Event: 0.009 loading class 0x00000000024e8f90
Event: 0.009 loading class 0x00000000024e8f90 done
Event: 0.009 loading class 0x00000000024fc2a0
Event: 0.009 loading class 0x00000000024fc2a0 done
Event: 0.009 loading class 0x0000000002493800 done


Dynamic libraries:
0x000000013fe20000 - 0x000000013fe53000 	C:\Program Files\Java\jre7\bin\javaw.exe
0x0000000076db0000 - 0x0000000076f59000 	C:\Windows\SYSTEM32\ntdll.dll
0x0000000076c90000 - 0x0000000076daf000 	C:\Windows\system32\kernel32.dll
0x000007fefcdb0000 - 0x000007fefce1c000 	C:\Windows\system32\KERNELBASE.dll
0x0000000074a40000 - 0x0000000074ad6000 	C:\Windows\System32\SYSFER.DLL
0x000007fefdd10000 - 0x000007fefddeb000 	C:\Windows\system32\ADVAPI32.dll
0x000007fefde70000 - 0x000007fefdf0f000 	C:\Windows\system32\msvcrt.dll
0x000007fefd360000 - 0x000007fefd37f000 	C:\Windows\SYSTEM32\sechost.dll
0x000007fefd230000 - 0x000007fefd35d000 	C:\Windows\system32\RPCRT4.dll
0x0000000076b90000 - 0x0000000076c8a000 	C:\Windows\system32\USER32.dll
0x000007fefe190000 - 0x000007fefe1f7000 	C:\Windows\system32\GDI32.dll
0x000007fefe180000 - 0x000007fefe18e000 	C:\Windows\system32\LPK.dll
0x000007fefd380000 - 0x000007fefd449000 	C:\Windows\system32\USP10.dll
0x000007fefb310000 - 0x000007fefb504000 	C:\Windows\WinSxS\amd64_microsoft.windows.common-controls_6595b64144ccf1df_6.0.7601.17514_none_fa396087175ac9ac\COMCTL32.dll
0x000007fefddf0000 - 0x000007fefde61000 	C:\Windows\system32\SHLWAPI.dll
0x000007fefe0f0000 - 0x000007fefe11e000 	C:\Windows\system32\IMM32.DLL
0x000007fefe200000 - 0x000007fefe309000 	C:\Windows\system32\MSCTF.dll
0x000000005a240000 - 0x000000005a311000 	C:\Program Files\Java\jre7\bin\msvcr100.dll
0x000000006ddb0000 - 0x000000006e4cf000 	C:\Program Files\Java\jre7\bin\server\jvm.dll
0x000007feec280000 - 0x000007feec289000 	C:\Windows\system32\WSOCK32.dll
0x000007fefd830000 - 0x000007fefd87d000 	C:\Windows\system32\WS2_32.dll
0x000007fefdaa0000 - 0x000007fefdaa8000 	C:\Windows\system32\NSI.dll
0x000007fefb800000 - 0x000007fefb83b000 	C:\Windows\system32\WINMM.dll
0x0000000076f80000 - 0x0000000076f87000 	C:\Windows\system32\PSAPI.DLL
0x0000000072c70000 - 0x0000000072c7f000 	C:\Program Files\Java\jre7\bin\verify.dll
0x00000000724c0000 - 0x00000000724e8000 	C:\Program Files\Java\jre7\bin\java.dll
0x0000000072530000 - 0x0000000072545000 	C:\Program Files\Java\jre7\bin\zip.dll

VM Arguments:
jvm_args: -Dfile.encoding=Cp1252 -Xbootclasspath/p:C:\Users\udaybhanupunna\Downloads\adt-bundle-windows-x86_64-20130219\sdk\platforms\android-17\android.jar 
java_command: com.android.lonoti.network.LonotiServerManager
Launcher Type: SUN_STANDARD

Environment Variables:
JAVA_HOME=C:\Progra~2\Java\jdk1.6.0_17
CLASSPATH=.
PATH=C:\Program Files\Common Files\Microsoft Shared\Windows Live;C:\Program Files (x86)\Common Files\Microsoft Shared\Windows Live;C:\app\UdayBhanuPunna\product\11.2.0\dbhome_1\bin;C:\Program Files (x86)\RSA SecurID Token Common;C:\Windows\system32;C:\Windows;C:\Windows\System32\Wbem;C:\Windows\System32\WindowsPowerShell\v1.0\;C:\Program Files (x86)\Enterprise Vault\EVClient\;C:\Program Files\TortoiseSVN\bin;C:\cygwin\bin;C:\opt\apache-ant-1.8.3\bin;C:\opt\apache-maven-3.0.4\bin;C:\Program Files (x86)\Google\Google Apps Sync\;C:\Program Files (x86)\Google\Google Apps Migration\;C:\Progra~2\Java\jdk1.6.0_17\bin;C:\Program Files (x86)\Heroku\bin;C:\Program Files (x86)\ruby-1.9.2\bin;C:\Program Files (x86)\git\bin;C:\Program Files (x86)\git\cmd;C:\ub\spring\grails-2.2.1\bin
USERNAME=UdayBhanuPunna
OS=Windows_NT
PROCESSOR_IDENTIFIER=Intel64 Family 6 Model 42 Stepping 7, GenuineIntel



---------------  S Y S T E M  ---------------

OS: Windows 7 , 64 bit Build 7601 Service Pack 1

CPU:total 8 (4 cores per cpu, 2 threads per core) family 6 model 42 stepping 7, cmov, cx8, fxsr, mmx, sse, sse2, sse3, ssse3, sse4.1, sse4.2, popcnt, avx, ht, tsc, tscinvbit

Memory: 4k page, physical 8344468k(1415580k free), swap 16687076k(8203624k free)

vm_info: Java HotSpot(TM) 64-Bit Server VM (23.6-b04) for windows-amd64 JRE (1.7.0_11-b21), built on Jan 12 2013 02:38:42 by "java_re" with unknown MS VC++:1600

time: Sat Jun 15 19:41:08 2013
elapsed time: 0 seconds

